#
# There is insufficient memory for the Java Runtime Environment to continue.
# Native memory allocation (mmap) failed to map 132120576 bytes for G1 virtual space
# Possible reasons:
#   The system is out of physical RAM or swap space
#   The process is running with CompressedOops enabled, and the Java Heap may be blocking the growth of the native heap
# Possible solutions:
#   Reduce memory load on the system
#   Increase physical memory or swap space
#   Check if swap backing store is full
#   Decrease Java heap size (-Xmx/-Xms)
#   Decrease number of Java threads
#   Decrease Java thread stack sizes (-Xss)
#   Set larger code cache with -XX:ReservedCodeCacheSize=
#   JVM is running with Unscaled Compressed Oops mode in which the Java heap is
#     placed in the first 4GB address space. The Java Heap base address is the
#     maximum limit for the native heap growth. Please use -XX:HeapBaseMinAddress
#     to set the Java Heap base and to place the Java Heap above 4GB virtual address.
# This output file may be truncated or incomplete.
#
#  Out of Memory Error (os_windows.cpp:3559), pid=1780, tid=11672
#
# JRE version:  (17.0.7+7) (build )
# Java VM: OpenJDK 64-Bit Server VM (17.0.7+7, mixed mode, sharing, tiered, compressed oops, compressed class ptrs, g1 gc, windows-amd64)
# No core dump will be written. Minidumps are not enabled by default on client versions of Windows
#

---------------  S U M M A R Y ------------

Command Line: -Djava.awt.headless=true -Dscanner.home=C:\Users\shing\.sonar\native-sonar-scanner\sonar-scanner-5.0.1.3006-windows\bin\.. -Dproject.home=C:\Users\shing\OneDrive\Escritorio\5 CUATRIMESTRE\ARQUITECTURA DE SOFTWARE\apis-pruebas\Api-Hexagonal-Proyec org.sonarsource.scanner.cli.Main -v

Host: 11th Gen Intel(R) Core(TM) i5-11400H @ 2.70GHz, 12 cores, 7G,  Windows 11 , 64 bit Build 22621 (10.0.22621.2506)
Time: Sat Jan 27 23:14:51 2024 Hora estándar central (México) elapsed time: 0.025715 seconds (0d 0h 0m 0s)

---------------  T H R E A D  ---------------

Current thread (0x000001c1e6225150):  JavaThread "Unknown thread" [_thread_in_vm, id=11672, stack(0x000000859cf00000,0x000000859d000000)]

Stack: [0x000000859cf00000,0x000000859d000000]
Native frames: (J=compiled Java code, j=interpreted, Vv=VM code, C=native code)
V  [jvm.dll+0x67754a]
V  [jvm.dll+0x834304]
V  [jvm.dll+0x835aae]
V  [jvm.dll+0x836113]
V  [jvm.dll+0x24696f]
V  [jvm.dll+0x6743f9]
V  [jvm.dll+0x668c8a]
V  [jvm.dll+0x3061bb]
V  [jvm.dll+0x30d6a6]
V  [jvm.dll+0x35cece]
V  [jvm.dll+0x35d0ff]
V  [jvm.dll+0x2dd048]
V  [jvm.dll+0x2ddfb4]
V  [jvm.dll+0x8066d1]
V  [jvm.dll+0x36ac91]
V  [jvm.dll+0x7e5cec]
V  [jvm.dll+0x3ed56f]
V  [jvm.dll+0x3ef0a1]
C  [jli.dll+0x528b]
C  [ucrtbase.dll+0x29363]
C  [KERNEL32.DLL+0x1257d]
C  [ntdll.dll+0x5aa58]


---------------  P R O C E S S  ---------------

Threads class SMR info:
_java_thread_list=0x00007ff81ff57018, length=0, elements={
}

Java Threads: ( => current thread )

Other Threads:
  0x000001c1e627d580 GCTaskThread "GC Thread#0" [stack: 0x000000859d000000,0x000000859d100000] [id=23560]
  0x000001c1e628edf0 ConcurrentGCThread "G1 Main Marker" [stack: 0x000000859d100000,0x000000859d200000] [id=23068]
  0x000001c1e6290af0 ConcurrentGCThread "G1 Conc#0" [stack: 0x000000859d200000,0x000000859d300000] [id=25984]

[error occurred during error reporting (printing all threads), id 0xc0000005, EXCEPTION_ACCESS_VIOLATION (0xc0000005) at pc=0x00007ff81f72daf7]

VM state: not at safepoint (not fully initialized)

VM Mutex/Monitor currently owned by a thread:  ([mutex/lock_event])
[0x000001c1e621f5d0] Heap_lock - owner thread: 0x000001c1e6225150

Heap address: 0x0000000083a00000, size: 1990 MB, Compressed Oops mode: 32-bit

CDS archive(s) mapped at: [0x0000000000000000-0x0000000000000000-0x0000000000000000), size 0, SharedBaseAddress: 0x0000000800000000, ArchiveRelocationMode: 0.
Narrow klass base: 0x0000000000000000, Narrow klass shift: 0, Narrow klass range: 0x0

GC Precious Log:
<Empty>

Heap:
 garbage-first heap   total 0K, used 0K [0x0000000083a00000, 0x0000000100000000)
  region size 1024K, 0 young (0K), 0 survivors (0K)

[error occurred during error reporting (printing heap information), id 0xc0000005, EXCEPTION_ACCESS_VIOLATION (0xc0000005) at pc=0x00007ff81fb10db9]

GC Heap History (0 events):
No events

Dll operation events (1 events):
Event: 0.010 Loaded shared library C:\Users\shing\.sonar\native-sonar-scanner\sonar-scanner-5.0.1.3006-windows\jre\bin\java.dll

Deoptimization events (0 events):
No events

Classes unloaded (0 events):
No events

Classes redefined (0 events):
No events

Internal exceptions (0 events):
No events

VM Operations (0 events):
No events

Events (0 events):
No events


Dynamic libraries:
0x00007ff6e5460000 - 0x00007ff6e546e000 	C:\Users\shing\.sonar\native-sonar-scanner\sonar-scanner-5.0.1.3006-windows\jre\bin\java.exe
0x00007ff894650000 - 0x00007ff894867000 	C:\WINDOWS\SYSTEM32\ntdll.dll
0x00007ff893230000 - 0x00007ff8932f4000 	C:\WINDOWS\System32\KERNEL32.DLL
0x00007ff891d70000 - 0x00007ff892116000 	C:\WINDOWS\System32\KERNELBASE.dll
0x00000000645d0000 - 0x0000000064901000 	C:\Program Files\Norton Security\NortonData\22.22.9.11\Definitions\IPSDefs\20230224.061\IPSEng64.dll
0x00007ff893fb0000 - 0x00007ff894063000 	C:\WINDOWS\System32\ADVAPI32.dll
0x00007ff893ef0000 - 0x00007ff893f97000 	C:\WINDOWS\System32\msvcrt.dll
0x00007ff893cf0000 - 0x00007ff893d98000 	C:\WINDOWS\System32\sechost.dll
0x00007ff892120000 - 0x00007ff892148000 	C:\WINDOWS\System32\bcrypt.dll
0x00007ff892820000 - 0x00007ff892937000 	C:\WINDOWS\System32\RPCRT4.dll
0x00007ff893cc0000 - 0x00007ff893cc8000 	C:\WINDOWS\System32\PSAPI.DLL
0x00007ff8921c0000 - 0x00007ff8922d1000 	C:\WINDOWS\System32\ucrtbase.dll
0x00007ff87e3e0000 - 0x00007ff87e3f9000 	C:\Users\shing\.sonar\native-sonar-scanner\sonar-scanner-5.0.1.3006-windows\jre\bin\VCRUNTIME140.dll
0x00007ff879620000 - 0x00007ff879637000 	C:\Users\shing\.sonar\native-sonar-scanner\sonar-scanner-5.0.1.3006-windows\jre\bin\jli.dll
0x00007ff8924b0000 - 0x00007ff89265e000 	C:\WINDOWS\System32\USER32.dll
0x00007ff875610000 - 0x00007ff8758a3000 	C:\WINDOWS\WinSxS\amd64_microsoft.windows.common-controls_6595b64144ccf1df_6.0.22621.2506_none_270c5ae97388e100\COMCTL32.dll
0x00007ff891d40000 - 0x00007ff891d66000 	C:\WINDOWS\System32\win32u.dll
0x00007ff892760000 - 0x00007ff892789000 	C:\WINDOWS\System32\GDI32.dll
0x00007ff891990000 - 0x00007ff891aa8000 	C:\WINDOWS\System32\gdi32full.dll
0x00007ff891ca0000 - 0x00007ff891d3a000 	C:\WINDOWS\System32\msvcp_win.dll
0x00007ff892d50000 - 0x00007ff892d81000 	C:\WINDOWS\System32\IMM32.DLL
0x00007ff88bfe0000 - 0x00007ff88bfec000 	C:\Users\shing\.sonar\native-sonar-scanner\sonar-scanner-5.0.1.3006-windows\jre\bin\vcruntime140_1.dll
0x00007ff852990000 - 0x00007ff852a21000 	C:\Users\shing\.sonar\native-sonar-scanner\sonar-scanner-5.0.1.3006-windows\jre\bin\msvcp140.dll
0x00007ff81f440000 - 0x00007ff820088000 	C:\Users\shing\.sonar\native-sonar-scanner\sonar-scanner-5.0.1.3006-windows\jre\bin\server\jvm.dll
0x00007ff8880c0000 - 0x00007ff8880ca000 	C:\WINDOWS\SYSTEM32\VERSION.dll
0x00007ff888410000 - 0x00007ff888444000 	C:\WINDOWS\SYSTEM32\WINMM.dll
0x00007ff875d00000 - 0x00007ff875d09000 	C:\WINDOWS\SYSTEM32\WSOCK32.dll
0x00007ff893e70000 - 0x00007ff893ee1000 	C:\WINDOWS\System32\WS2_32.dll
0x00007ff890a70000 - 0x00007ff890a88000 	C:\WINDOWS\SYSTEM32\kernel.appcore.dll
0x00007ff87e330000 - 0x00007ff87e33a000 	C:\Users\shing\.sonar\native-sonar-scanner\sonar-scanner-5.0.1.3006-windows\jre\bin\jimage.dll
0x00007ff88f440000 - 0x00007ff88f673000 	C:\WINDOWS\SYSTEM32\DBGHELP.DLL
0x00007ff894070000 - 0x00007ff8943f9000 	C:\WINDOWS\System32\combase.dll
0x00007ff893300000 - 0x00007ff8933d7000 	C:\WINDOWS\System32\OLEAUT32.dll
0x00007ff878e50000 - 0x00007ff878e82000 	C:\WINDOWS\SYSTEM32\dbgcore.DLL
0x00007ff891c20000 - 0x00007ff891c9a000 	C:\WINDOWS\System32\bcryptPrimitives.dll
0x00007ff8602c0000 - 0x00007ff8602e5000 	C:\Users\shing\.sonar\native-sonar-scanner\sonar-scanner-5.0.1.3006-windows\jre\bin\java.dll

dbghelp: loaded successfully - version: 4.0.5 - missing functions: none
symbol engine: initialized successfully - sym options: 0x614 - pdb path: .;C:\Users\shing\.sonar\native-sonar-scanner\sonar-scanner-5.0.1.3006-windows\jre\bin;C:\WINDOWS\SYSTEM32;C:\Program Files\Norton Security\NortonData\22.22.9.11\Definitions\IPSDefs\20230224.061;C:\WINDOWS\WinSxS\amd64_microsoft.windows.common-controls_6595b64144ccf1df_6.0.22621.2506_none_270c5ae97388e100;C:\Users\shing\.sonar\native-sonar-scanner\sonar-scanner-5.0.1.3006-windows\jre\bin\server

VM Arguments:
jvm_args: -Djava.awt.headless=true -Dscanner.home=C:\Users\shing\.sonar\native-sonar-scanner\sonar-scanner-5.0.1.3006-windows\bin\.. -Dproject.home=C:\Users\shing\OneDrive\Escritorio\5 CUATRIMESTRE\ARQUITECTURA DE SOFTWARE\apis-pruebas\Api-Hexagonal-Proyec 
java_command: org.sonarsource.scanner.cli.Main -v
java_class_path (initial): C:\Users\shing\.sonar\native-sonar-scanner\sonar-scanner-5.0.1.3006-windows\bin\..\lib\sonar-scanner-cli-5.0.1.3006.jar
Launcher Type: SUN_STANDARD

[Global flags]
     intx CICompilerCount                          = 4                                         {product} {ergonomic}
     uint ConcGCThreads                            = 3                                         {product} {ergonomic}
     uint G1ConcRefinementThreads                  = 10                                        {product} {ergonomic}
   size_t G1HeapRegionSize                         = 1048576                                   {product} {ergonomic}
    uintx GCDrainStackTargetSize                   = 64                                        {product} {ergonomic}
   size_t InitialHeapSize                          = 132120576                                 {product} {ergonomic}
   size_t MarkStackSize                            = 4194304                                   {product} {ergonomic}
   size_t MaxHeapSize                              = 2086666240                                {product} {ergonomic}
   size_t MinHeapDeltaBytes                        = 1048576                                   {product} {ergonomic}
   size_t MinHeapSize                              = 8388608                                   {product} {ergonomic}
    uintx NonNMethodCodeHeapSize                   = 5839372                                {pd product} {ergonomic}
    uintx NonProfiledCodeHeapSize                  = 122909434                              {pd product} {ergonomic}
    uintx ProfiledCodeHeapSize                     = 122909434                              {pd product} {ergonomic}
    uintx ReservedCodeCacheSize                    = 251658240                              {pd product} {ergonomic}
     bool SegmentedCodeCache                       = true                                      {product} {ergonomic}
   size_t SoftMaxHeapSize                          = 2086666240                             {manageable} {ergonomic}
     bool UseCompressedClassPointers               = true                           {product lp64_product} {ergonomic}
     bool UseCompressedOops                        = true                           {product lp64_product} {ergonomic}
     bool UseG1GC                                  = true                                      {product} {ergonomic}
     bool UseLargePagesIndividualAllocation        = false                                  {pd product} {ergonomic}

Logging:
Log output configuration:
 #0: stdout all=warning uptime,level,tags
 #1: stderr all=off uptime,level,tags

Environment Variables:
JAVA_HOME=C:\Users\shing\.sonar\native-sonar-scanner\sonar-scanner-5.0.1.3006-windows\bin\..\jre
PATH=C:\Users\shing\OneDrive\Escritorio\5 CUATRIMESTRE\ARQUITECTURA DE SOFTWARE\apis-pruebas\Api-Hexagonal-Proyec\node_modules\.bin;C:\Users\shing\OneDrive\Escritorio\5 CUATRIMESTRE\ARQUITECTURA DE SOFTWARE\apis-pruebas\node_modules\.bin;C:\Users\shing\OneDrive\Escritorio\5 CUATRIMESTRE\ARQUITECTURA DE SOFTWARE\node_modules\.bin;C:\Users\shing\OneDrive\Escritorio\5 CUATRIMESTRE\node_modules\.bin;C:\Users\shing\OneDrive\Escritorio\node_modules\.bin;C:\Users\shing\OneDrive\node_modules\.bin;C:\Users\shing\node_modules\.bin;C:\Users\node_modules\.bin;C:\node_modules\.bin;C:\Users\shing\AppData\Roaming\npm\node_modules\npm\node_modules\@npmcli\run-script\lib\node-gyp-bin;C:\Program Files\Eclipse Adoptium\jdk-17.0.10.7-hotspot\bin;C:\Program Files\Microsoft\jdk-11.0.16.101-hotspot\bin;C:\Program Files\Common Files\Oracle\Java\javapath;C:\Windows\system32;C:\Windows;C:\Windows\System32\Wbem;C:\Windows\System32\WindowsPowerShell\v1.0\;C:\Windows\System32\OpenSSH\;C:\Program Files (x86)\NVIDIA Corporation\PhysX\Common;C:\Program Files\NVIDIA Corporation\NVIDIA NvDLISR;C:\WINDOWS\system32;C:\WINDOWS;C:\WINDOWS\System32\Wbem;C:\WINDOWS\System32\WindowsPowerShell\v1.0\;C:\Program Files\dotnet\;C:\Program Files\Git\cmd;C:\Program Files (x86)\Microsoft SQL Server\160\Tools\Binn\;C:\Program Files\Microsoft SQL Server\160\Tools\Binn\;C:\Program Files\Microsoft SQL Server\Client SDK\ODBC\170\Tools\Binn\;C:\Program Files\Microsoft SQL Server\160\DTS\Binn\;C:\Program Files\Go\bin;C:\Program Files\nodejs\;C:\Users\shing\AppData\Local\Microsoft\WindowsApps;C:\Microsoft VS Code\bin;C:\Users\shing\.dotnet\tools;C:\Users\shing\AppData\Local\GitHubDesktop\bin;C:\Program Files\MongoDB\Server\7.0\bin;C:\Users\shing\go\bin;C:\Users\shing\AppData\Roaming\npm
USERNAME=shing
LANG=en_US.UTF-8
OS=Windows_NT
PROCESSOR_IDENTIFIER=Intel64 Family 6 Model 141 Stepping 1, GenuineIntel
TMP=C:\Users\shing\AppData\Local\Temp
TEMP=C:\Users\shing\AppData\Local\Temp



---------------  S Y S T E M  ---------------

OS:
 Windows 11 , 64 bit Build 22621 (10.0.22621.2506)
OS uptime: 1 days 17:16 hours
Hyper-V role detected

CPU: total 12 (initial active 12) (6 cores per cpu, 2 threads per core) family 6 model 141 stepping 1 microcode 0x3c, cx8, cmov, fxsr, ht, mmx, 3dnowpref, sse, sse2, sse3, ssse3, sse4.1, sse4.2, popcnt, lzcnt, tsc, tscinvbit, avx, avx2, aes, erms, clmul, bmi1, bmi2, adx, avx512f, avx512dq, avx512cd, avx512bw, avx512vl, sha, fma, vzeroupper, avx512_vpopcntdq, avx512_vpclmulqdq, avx512_vaes, avx512_vnni, clflush, clflushopt, clwb, avx512_vbmi2, avx512_vbmi, hv

Memory: 4k page, system-wide physical 7955M (909M free)
TotalPageFile size 32495M (AvailPageFile size 85M)
current process WorkingSet (physical memory assigned to process): 12M, peak: 12M
current process commit charge ("private bytes"): 65M, peak: 191M

vm_info: OpenJDK 64-Bit Server VM (17.0.7+7) for windows-amd64 JRE (17.0.7+7), built on Apr 18 2023 22:10:42 by "temurin" with MS VC++ 16.7 (VS2019)

END.
